d:\tools\codeplex\pushframework\4.0\demo\demoserver\debug\vc120.pdb
d:\tools\codeplex\pushframework\4.0\demo\demoserver\debug\vc120.idb
d:\tools\codeplex\pushframework\4.0\demo\demoserver\debug\demoserver.pch
d:\tools\codeplex\pushframework\4.0\demo\demoserver\debug\stdafx.obj
d:\tools\codeplex\pushframework\4.0\demo\demoserver\debug\configuration.obj
d:\tools\codeplex\pushframework\4.0\demo\demoserver\debug\democlient.obj
d:\tools\codeplex\pushframework\4.0\demo\demoserver\debug\demoserver.obj
d:\tools\codeplex\pushframework\4.0\demo\demoserver\debug\echoservice1.obj
d:\tools\codeplex\pushframework\4.0\demo\demoserver\debug\echoservice2.obj
d:\tools\codeplex\pushframework\4.0\demo\demoserver\debug\main.obj
d:\tools\codeplex\pushframework\4.0\demo\demoserver\debug\ini.obj
d:\tools\codeplex\pushframework\4.0\demo\demoserver\debug\inireader.obj
d:\tools\codeplex\pushframework\4.0\demo\output\debug\demoserver.ilk
d:\tools\codeplex\pushframework\4.0\demo\output\debug\demoserver.exe
d:\tools\codeplex\pushframework\4.0\demo\output\debug\demoserver.pdb
d:\tools\codeplex\pushframework\4.0\demo\demoserver\debug\..\..\output\debug\demoserver.pdb
d:\tools\codeplex\pushframework\4.0\demo\demoserver\debug\..\..\output\debug\demoserver.ilk
d:\tools\codeplex\pushframework\4.0\demo\demoserver\debug\demoserver.tlog\cl.command.1.tlog
d:\tools\codeplex\pushframework\4.0\demo\demoserver\debug\demoserver.tlog\cl.read.1.tlog
d:\tools\codeplex\pushframework\4.0\demo\demoserver\debug\demoserver.tlog\cl.write.1.tlog
d:\tools\codeplex\pushframework\4.0\demo\demoserver\debug\demoserver.tlog\link.command.1.tlog
d:\tools\codeplex\pushframework\4.0\demo\demoserver\debug\demoserver.tlog\link.read.1.tlog
d:\tools\codeplex\pushframework\4.0\demo\demoserver\debug\demoserver.tlog\link.write.1.tlog
