d:\tools\codeplex\pushframework\4.0\demo\simpleprotocol\debug\simpleprotocol.pch
d:\tools\codeplex\pushframework\4.0\demo\simpleprotocol\debug\vc120.pdb
d:\tools\codeplex\pushframework\4.0\demo\simpleprotocol\debug\vc120.idb
d:\tools\codeplex\pushframework\4.0\demo\simpleprotocol\debug\stdafx.obj
d:\tools\codeplex\pushframework\4.0\demo\simpleprotocol\debug\dllmain.obj
d:\tools\codeplex\pushframework\4.0\demo\simpleprotocol\debug\simpleprotocol.obj
d:\tools\codeplex\pushframework\4.0\demo\output\debug\simpleprotocol.ilk
d:\tools\codeplex\pushframework\4.0\demo\output\debug\simpleprotocol.dll
d:\tools\codeplex\pushframework\4.0\demo\output\debug\simpleprotocol.pdb
d:\tools\codeplex\pushframework\4.0\demo\output\debug\simpleprotocol.lib
d:\tools\codeplex\pushframework\4.0\demo\output\debug\simpleprotocol.exp
d:\tools\codeplex\pushframework\4.0\demo\simpleprotocol\debug\..\..\output\debug\simpleprotocol.pdb
d:\tools\codeplex\pushframework\4.0\demo\simpleprotocol\debug\..\..\output\debug\simpleprotocol.ilk
d:\tools\codeplex\pushframework\4.0\demo\simpleprotocol\debug\simpleprotocol.tlog\cl.command.1.tlog
d:\tools\codeplex\pushframework\4.0\demo\simpleprotocol\debug\simpleprotocol.tlog\cl.read.1.tlog
d:\tools\codeplex\pushframework\4.0\demo\simpleprotocol\debug\simpleprotocol.tlog\cl.write.1.tlog
d:\tools\codeplex\pushframework\4.0\demo\simpleprotocol\debug\simpleprotocol.tlog\link.command.1.tlog
d:\tools\codeplex\pushframework\4.0\demo\simpleprotocol\debug\simpleprotocol.tlog\link.read.1.tlog
d:\tools\codeplex\pushframework\4.0\demo\simpleprotocol\debug\simpleprotocol.tlog\link.write.1.tlog
d:\tools\codeplex\pushframework\4.0\demo\simpleprotocol\debug\simpleprotocol.tlog\simpleprotocol.write.1u.tlog
