d:\tools\codeplex\pushframework\4.0\demo\websocketprotocol\debug\websocketprotocol.pch
d:\tools\codeplex\pushframework\4.0\demo\websocketprotocol\debug\vc120.pdb
d:\tools\codeplex\pushframework\4.0\demo\websocketprotocol\debug\vc120.idb
d:\tools\codeplex\pushframework\4.0\demo\websocketprotocol\debug\stdafx.obj
d:\tools\codeplex\pushframework\4.0\demo\websocketprotocol\debug\base64.obj
d:\tools\codeplex\pushframework\4.0\demo\websocketprotocol\debug\sha1.obj
d:\tools\codeplex\pushframework\4.0\demo\websocketprotocol\debug\dllmain.obj
d:\tools\codeplex\pushframework\4.0\demo\websocketprotocol\debug\websocketcontext.obj
d:\tools\codeplex\pushframework\4.0\demo\websocketprotocol\debug\websocketcontrolmessage.obj
d:\tools\codeplex\pushframework\4.0\demo\websocketprotocol\debug\websockethandshakemessage.obj
d:\tools\codeplex\pushframework\4.0\demo\websocketprotocol\debug\websocketprotocol.obj
d:\tools\codeplex\pushframework\4.0\demo\output\debug\websocketprotocol.ilk
d:\tools\codeplex\pushframework\4.0\demo\output\debug\websocketprotocol.dll
d:\tools\codeplex\pushframework\4.0\demo\output\debug\websocketprotocol.pdb
d:\tools\codeplex\pushframework\4.0\demo\output\debug\websocketprotocol.lib
d:\tools\codeplex\pushframework\4.0\demo\output\debug\websocketprotocol.exp
d:\tools\codeplex\pushframework\4.0\demo\websocketprotocol\debug\..\..\output\debug\websocketprotocol.pdb
d:\tools\codeplex\pushframework\4.0\demo\websocketprotocol\debug\..\..\output\debug\websocketprotocol.ilk
d:\tools\codeplex\pushframework\4.0\demo\websocketprotocol\debug\websocke.f464b238.tlog\cl.command.1.tlog
d:\tools\codeplex\pushframework\4.0\demo\websocketprotocol\debug\websocke.f464b238.tlog\cl.read.1.tlog
d:\tools\codeplex\pushframework\4.0\demo\websocketprotocol\debug\websocke.f464b238.tlog\cl.write.1.tlog
d:\tools\codeplex\pushframework\4.0\demo\websocketprotocol\debug\websocke.f464b238.tlog\link.command.1.tlog
d:\tools\codeplex\pushframework\4.0\demo\websocketprotocol\debug\websocke.f464b238.tlog\link.read.1.tlog
d:\tools\codeplex\pushframework\4.0\demo\websocketprotocol\debug\websocke.f464b238.tlog\link.write.1.tlog
d:\tools\codeplex\pushframework\4.0\demo\websocketprotocol\debug\websocke.f464b238.tlog\websocketprotocol.write.1u.tlog
