d:\tools\codeplex\pushframework\4.0\demo\jsonserializer\debug\jsonserializer.pch
d:\tools\codeplex\pushframework\4.0\demo\jsonserializer\debug\vc120.pdb
d:\tools\codeplex\pushframework\4.0\demo\jsonserializer\debug\vc120.idb
d:\tools\codeplex\pushframework\4.0\demo\jsonserializer\debug\stdafx.obj
d:\tools\codeplex\pushframework\4.0\demo\jsonserializer\debug\dllmain.obj
d:\tools\codeplex\pushframework\4.0\demo\jsonserializer\debug\jsonserializer.obj
d:\tools\codeplex\pushframework\4.0\demo\output\debug\jsonserializer.lib
d:\tools\codeplex\pushframework\4.0\demo\output\debug\jsonserializer.exp
d:\tools\codeplex\pushframework\4.0\demo\output\debug\jsonserializer.ilk
d:\tools\codeplex\pushframework\4.0\demo\output\debug\jsonserializer.dll
d:\tools\codeplex\pushframework\4.0\demo\output\debug\jsonserializer.pdb
d:\tools\codeplex\pushframework\4.0\demo\jsonserializer\debug\..\..\output\debug\jsonserializer.pdb
d:\tools\codeplex\pushframework\4.0\demo\jsonserializer\debug\..\..\output\debug\jsonserializer.ilk
d:\tools\codeplex\pushframework\4.0\demo\jsonserializer\debug\jsonserializer.tlog\cl.command.1.tlog
d:\tools\codeplex\pushframework\4.0\demo\jsonserializer\debug\jsonserializer.tlog\cl.read.1.tlog
d:\tools\codeplex\pushframework\4.0\demo\jsonserializer\debug\jsonserializer.tlog\cl.write.1.tlog
d:\tools\codeplex\pushframework\4.0\demo\jsonserializer\debug\jsonserializer.tlog\jsonserializer.write.1u.tlog
d:\tools\codeplex\pushframework\4.0\demo\jsonserializer\debug\jsonserializer.tlog\link.command.1.tlog
d:\tools\codeplex\pushframework\4.0\demo\jsonserializer\debug\jsonserializer.tlog\link.read.1.tlog
d:\tools\codeplex\pushframework\4.0\demo\jsonserializer\debug\jsonserializer.tlog\link.write.1.tlog
