d:\tools\codeplex\pushframework\4.0\pushframework\debug\pushframework.pch
d:\tools\codeplex\pushframework\4.0\pushframework\debug\vc120.pdb
d:\tools\codeplex\pushframework\4.0\pushframework\debug\vc120.idb
d:\tools\codeplex\pushframework\4.0\pushframework\debug\measureargs.obj
d:\tools\codeplex\pushframework\4.0\pushframework\debug\measure.obj
d:\tools\codeplex\pushframework\4.0\pushframework\debug\keyedaveragedmeasure.obj
d:\tools\codeplex\pushframework\4.0\pushframework\debug\keyedaverageddistributionmeasure.obj
d:\tools\codeplex\pushframework\4.0\pushframework\debug\durationmeasure.obj
d:\tools\codeplex\pushframework\4.0\pushframework\debug\distributionmeasure.obj
d:\tools\codeplex\pushframework\4.0\pushframework\debug\cumulativemeasure.obj
d:\tools\codeplex\pushframework\4.0\pushframework\debug\xmlprotocol.obj
d:\tools\codeplex\pushframework\4.0\pushframework\debug\xmlpacket.obj
d:\tools\codeplex\pushframework\4.0\pushframework\debug\utilities_win.obj
d:\tools\codeplex\pushframework\4.0\pushframework\debug\systemserviceimpl_win.obj
d:\tools\codeplex\pushframework\4.0\pushframework\debug\systemservice.obj
d:\tools\codeplex\pushframework\4.0\pushframework\debug\stopwatchimpl_win.obj
d:\tools\codeplex\pushframework\4.0\pushframework\debug\stopwatch.obj
d:\tools\codeplex\pushframework\4.0\pushframework\debug\service.obj
d:\tools\codeplex\pushframework\4.0\pushframework\debug\serverstats.obj
d:\tools\codeplex\pushframework\4.0\pushframework\debug\serveroptions.obj
d:\tools\codeplex\pushframework\4.0\pushframework\debug\serverimpl.obj
d:\tools\codeplex\pushframework\4.0\pushframework\debug\server.obj
d:\tools\codeplex\pushframework\4.0\pushframework\debug\routines_win.obj
d:\tools\codeplex\pushframework\4.0\pushframework\debug\queueoptions.obj
d:\tools\codeplex\pushframework\4.0\pushframework\debug\physicalconnection_win.obj
d:\tools\codeplex\pushframework\4.0\pushframework\debug\physicalconnection.obj
d:\tools\codeplex\pushframework\4.0\pushframework\debug\packetinfo.obj
d:\tools\codeplex\pushframework\4.0\pushframework\debug\monitorsmsgfactory.obj
d:\tools\codeplex\pushframework\4.0\pushframework\debug\logicalconnection.obj
d:\tools\codeplex\pushframework\4.0\pushframework\debug\listeneroptions.obj
d:\tools\codeplex\pushframework\4.0\pushframework\debug\listenerimpl_win.obj
d:\tools\codeplex\pushframework\4.0\pushframework\debug\listener.obj
d:\tools\codeplex\pushframework\4.0\pushframework\debug\ioqueue_win.obj
d:\tools\codeplex\pushframework\4.0\pushframework\debug\iobuffer.obj
d:\tools\codeplex\pushframework\4.0\pushframework\debug\garbagecollector.obj
d:\tools\codeplex\pushframework\4.0\pushframework\debug\dispatcher.obj
d:\tools\codeplex\pushframework\4.0\pushframework\debug\demuximpl_win.obj
d:\tools\codeplex\pushframework\4.0\pushframework\debug\connectioncontext.obj
d:\tools\codeplex\pushframework\4.0\pushframework\debug\clientfactory.obj
d:\tools\codeplex\pushframework\4.0\pushframework\debug\clientfactory_win.obj
d:\tools\codeplex\pushframework\4.0\pushframework\debug\broadcaststreamer.obj
d:\tools\codeplex\pushframework\4.0\pushframework\debug\broadcastqueue.obj
d:\tools\codeplex\pushframework\4.0\pushframework\debug\broadcastmanager.obj
d:\tools\codeplex\pushframework\4.0\pushframework\debug\stdafx.obj
d:\tools\codeplex\pushframework\4.0\pushframework\debug\readwritelock_win.obj
d:\tools\codeplex\pushframework\4.0\pushframework\debug\readwritelock.obj
d:\tools\codeplex\pushframework\4.0\pushframework\debug\physicalconnectionpool.obj
d:\tools\codeplex\pushframework\4.0\pushframework\debug\monitorserver.obj
d:\tools\codeplex\pushframework\4.0\pushframework\debug\monitorclient.obj
d:\tools\codeplex\pushframework\4.0\pushframework\debug\logicalconnectionpool.obj
d:\tools\codeplex\pushframework\4.0\pushframework\debug\common.obj
d:\tools\codeplex\pushframework\4.0\pushframework\debug\logicalconnectionimpl.obj
d:\tools\codeplex\pushframework\4.0\pushframework\debug\dllmain.obj
d:\tools\codeplex\pushframework\4.0\pushframework\debug\connectioncontextpool.obj
d:\tools\codeplex\pushframework\4.0\pushframework\debug\broadcastqueuecontext.obj
d:\tools\codeplex\pushframework\4.0\pushframework\debug\broadcastqueuegroupcontext.obj
d:\tools\codeplex\pushframework\4.0\pushframework\debug\xmlparser.obj
d:\tools\codeplex\pushframework\4.0\output\debug\pushframework.ilk
d:\tools\codeplex\pushframework\4.0\output\debug\pushframework.dll
d:\tools\codeplex\pushframework\4.0\output\debug\pushframework.pdb
d:\tools\codeplex\pushframework\4.0\output\debug\pushframework.lib
d:\tools\codeplex\pushframework\4.0\output\debug\pushframework.exp
d:\tools\codeplex\pushframework\4.0\pushframework\debug\pushframework.res
d:\tools\codeplex\pushframework\4.0\pushframework\..\output\debug\pushframework.dll
d:\tools\codeplex\pushframework\4.0\pushframework\debug\pushframework.tlog\cl.command.1.tlog
d:\tools\codeplex\pushframework\4.0\pushframework\debug\pushframework.tlog\cl.read.1.tlog
d:\tools\codeplex\pushframework\4.0\pushframework\debug\pushframework.tlog\cl.write.1.tlog
d:\tools\codeplex\pushframework\4.0\pushframework\debug\pushframework.tlog\link.command.1.tlog
d:\tools\codeplex\pushframework\4.0\pushframework\debug\pushframework.tlog\link.read.1.tlog
d:\tools\codeplex\pushframework\4.0\pushframework\debug\pushframework.tlog\link.write.1.tlog
d:\tools\codeplex\pushframework\4.0\pushframework\debug\pushframework.tlog\pushframework.write.1u.tlog
d:\tools\codeplex\pushframework\4.0\pushframework\debug\pushframework.tlog\rc.command.1.tlog
d:\tools\codeplex\pushframework\4.0\pushframework\debug\pushframework.tlog\rc.read.1.tlog
d:\tools\codeplex\pushframework\4.0\pushframework\debug\pushframework.tlog\rc.write.1.tlog
