d:\tools\codeplex\pushframework\4.0\demo\tcpsocket\debug\tcpsocket.pch
d:\tools\codeplex\pushframework\4.0\demo\tcpsocket\debug\vc120.pdb
d:\tools\codeplex\pushframework\4.0\demo\tcpsocket\debug\vc120.idb
d:\tools\codeplex\pushframework\4.0\demo\tcpsocket\debug\stdafx.obj
d:\tools\codeplex\pushframework\4.0\demo\tcpsocket\debug\dllmain.obj
d:\tools\codeplex\pushframework\4.0\demo\tcpsocket\debug\tcpsocket.obj
d:\tools\codeplex\pushframework\4.0\demo\tcpsocket\debug\tcpsocketimpl.obj
d:\tools\codeplex\pushframework\4.0\demo\output\debug\tcpsocket.ilk
d:\tools\codeplex\pushframework\4.0\demo\output\debug\tcpsocket.dll
d:\tools\codeplex\pushframework\4.0\demo\output\debug\tcpsocket.pdb
d:\tools\codeplex\pushframework\4.0\demo\output\debug\tcpsocket.lib
d:\tools\codeplex\pushframework\4.0\demo\output\debug\tcpsocket.exp
d:\tools\codeplex\pushframework\4.0\demo\tcpsocket\debug\..\..\output\debug\tcpsocket.pdb
d:\tools\codeplex\pushframework\4.0\demo\tcpsocket\debug\..\..\output\debug\tcpsocket.ilk
d:\tools\codeplex\pushframework\4.0\demo\tcpsocket\debug\tcpsocket.tlog\cl.command.1.tlog
d:\tools\codeplex\pushframework\4.0\demo\tcpsocket\debug\tcpsocket.tlog\cl.read.1.tlog
d:\tools\codeplex\pushframework\4.0\demo\tcpsocket\debug\tcpsocket.tlog\cl.write.1.tlog
d:\tools\codeplex\pushframework\4.0\demo\tcpsocket\debug\tcpsocket.tlog\link.command.1.tlog
d:\tools\codeplex\pushframework\4.0\demo\tcpsocket\debug\tcpsocket.tlog\link.read.1.tlog
d:\tools\codeplex\pushframework\4.0\demo\tcpsocket\debug\tcpsocket.tlog\link.write.1.tlog
d:\tools\codeplex\pushframework\4.0\demo\tcpsocket\debug\tcpsocket.tlog\tcpsocket.write.1u.tlog
