d:\tools\codeplex\pushframework\4.0\demo\democlients\debug\vc120.pdb
d:\tools\codeplex\pushframework\4.0\demo\democlients\debug\vc120.idb
d:\tools\codeplex\pushframework\4.0\demo\democlients\debug\democlients.pch
d:\tools\codeplex\pushframework\4.0\demo\democlients\debug\stdafx.obj
d:\tools\codeplex\pushframework\4.0\demo\democlients\debug\configuration.obj
d:\tools\codeplex\pushframework\4.0\demo\democlients\debug\demobot.obj
d:\tools\codeplex\pushframework\4.0\demo\democlients\debug\main.obj
d:\tools\codeplex\pushframework\4.0\demo\democlients\debug\ini.obj
d:\tools\codeplex\pushframework\4.0\demo\democlients\debug\inireader.obj
d:\tools\codeplex\pushframework\4.0\demo\output\debug\democlients.ilk
d:\tools\codeplex\pushframework\4.0\demo\output\debug\democlients.exe
d:\tools\codeplex\pushframework\4.0\demo\output\debug\democlients.pdb
d:\tools\codeplex\pushframework\4.0\demo\democlients\debug\..\..\output\debug\democlients.pdb
d:\tools\codeplex\pushframework\4.0\demo\democlients\debug\..\..\output\debug\democlients.ilk
d:\tools\codeplex\pushframework\4.0\demo\democlients\debug\democlients.tlog\cl.command.1.tlog
d:\tools\codeplex\pushframework\4.0\demo\democlients\debug\democlients.tlog\cl.read.1.tlog
d:\tools\codeplex\pushframework\4.0\demo\democlients\debug\democlients.tlog\cl.write.1.tlog
d:\tools\codeplex\pushframework\4.0\demo\democlients\debug\democlients.tlog\link.command.1.tlog
d:\tools\codeplex\pushframework\4.0\demo\democlients\debug\democlients.tlog\link.read.1.tlog
d:\tools\codeplex\pushframework\4.0\demo\democlients\debug\democlients.tlog\link.write.1.tlog
