d:\tools\codeplex\pushframework\4.0\protocolframework\debug\protocolframework.pch
d:\tools\codeplex\pushframework\4.0\protocolframework\debug\vc120.pdb
d:\tools\codeplex\pushframework\4.0\protocolframework\debug\vc120.idb
d:\tools\codeplex\pushframework\4.0\protocolframework\debug\stdafx.obj
d:\tools\codeplex\pushframework\4.0\protocolframework\debug\abstractpool.obj
d:\tools\codeplex\pushframework\4.0\protocolframework\debug\buffer.obj
d:\tools\codeplex\pushframework\4.0\protocolframework\debug\bufferlist.obj
d:\tools\codeplex\pushframework\4.0\protocolframework\debug\deserializedata.obj
d:\tools\codeplex\pushframework\4.0\protocolframework\debug\dllmain.obj
d:\tools\codeplex\pushframework\4.0\protocolframework\debug\errorcodes.obj
d:\tools\codeplex\pushframework\4.0\protocolframework\debug\connection.obj
d:\tools\codeplex\pushframework\4.0\protocolframework\debug\incomingpacket.obj
d:\tools\codeplex\pushframework\4.0\protocolframework\debug\memoryallocator.obj
d:\tools\codeplex\pushframework\4.0\protocolframework\debug\memorysegment.obj
d:\tools\codeplex\pushframework\4.0\protocolframework\debug\messagefactory.obj
d:\tools\codeplex\pushframework\4.0\protocolframework\debug\outgoingpacket.obj
d:\tools\codeplex\pushframework\4.0\protocolframework\debug\protocol.obj
d:\tools\codeplex\pushframework\4.0\protocolframework\debug\protocolcontext.obj
d:\tools\codeplex\pushframework\4.0\protocolframework\debug\protocolframework.obj
d:\tools\codeplex\pushframework\4.0\protocolframework\debug\protocolmanager.obj
d:\tools\codeplex\pushframework\4.0\protocolframework\debug\serializedata.obj
d:\tools\codeplex\pushframework\4.0\output\debug\protocolframework.ilk
d:\tools\codeplex\pushframework\4.0\output\debug\protocolframework.dll
d:\tools\codeplex\pushframework\4.0\output\debug\protocolframework.pdb
d:\tools\codeplex\pushframework\4.0\output\debug\protocolframework.lib
d:\tools\codeplex\pushframework\4.0\output\debug\protocolframework.exp
d:\tools\codeplex\pushframework\4.0\protocolframework\..\output\debug\protocolframework.dll
d:\tools\codeplex\pushframework\4.0\protocolframework\debug\protocol.723bfd12.tlog\cl.command.1.tlog
d:\tools\codeplex\pushframework\4.0\protocolframework\debug\protocol.723bfd12.tlog\cl.read.1.tlog
d:\tools\codeplex\pushframework\4.0\protocolframework\debug\protocol.723bfd12.tlog\cl.write.1.tlog
d:\tools\codeplex\pushframework\4.0\protocolframework\debug\protocol.723bfd12.tlog\link.command.1.tlog
d:\tools\codeplex\pushframework\4.0\protocolframework\debug\protocol.723bfd12.tlog\link.read.1.tlog
d:\tools\codeplex\pushframework\4.0\protocolframework\debug\protocol.723bfd12.tlog\link.write.1.tlog
d:\tools\codeplex\pushframework\4.0\protocolframework\debug\protocol.723bfd12.tlog\protocolframework.write.1u.tlog
